TN:
SF:src/index.ts
FN:31,(anonymous_7)
FN:35,(anonymous_8)
FNF:2
FNH:0
FNDA:0,(anonymous_7)
FNDA:0,(anonymous_8)
DA:1,0
DA:2,0
DA:3,0
DA:4,0
DA:5,0
DA:6,0
DA:7,0
DA:8,0
DA:9,0
DA:10,0
DA:11,0
DA:12,0
DA:15,0
DA:16,0
DA:20,0
DA:21,0
DA:22,0
DA:23,0
DA:24,0
DA:31,0
DA:33,0
DA:35,0
LF:22
LH:0
BRF:0
BRH:0
end_of_record
TN:
SF:src/controller/UserController.ts
FN:18,(anonymous_4)
FN:25,(anonymous_5)
FN:12,(anonymous_6)
FNF:3
FNH:1
FNDA:0,(anonymous_4)
FNDA:1,(anonymous_5)
FNDA:0,(anonymous_6)
DA:1,1
DA:4,1
DA:5,1
DA:6,1
DA:7,1
DA:13,0
DA:14,0
DA:16,1
DA:18,1
DA:19,0
DA:20,0
DA:25,1
DA:26,1
DA:27,1
LF:14
LH:10
BRF:0
BRH:0
end_of_record
TN:
SF:src/helper/logger.ts
FN:19,(anonymous_1)
FN:46,(anonymous_2)
FN:54,(anonymous_3)
FNF:3
FNH:3
FNDA:4,(anonymous_1)
FNDA:4,(anonymous_2)
FNDA:4,(anonymous_3)
DA:1,1
DA:2,1
DA:3,1
DA:4,1
DA:19,1
DA:20,4
DA:21,3
DA:24,1
DA:26,1
DA:27,1
DA:29,0
DA:30,0
DA:34,1
DA:46,4
DA:54,4
DA:59,1
LF:16
LH:14
BRDA:20,0,0,3
BRDA:29,1,0,0
BRF:2
BRH:1
end_of_record
TN:
SF:src/middleware/GlobalErrorHandler.ts
FN:6,(anonymous_1)
FNF:1
FNH:1
FNDA:1,(anonymous_1)
DA:1,1
DA:2,1
DA:5,1
DA:7,1
DA:9,1
DA:10,1
LF:6
LH:6
BRDA:9,0,0,1
BRDA:9,0,1,1
BRF:2
BRH:2
end_of_record
TN:
SF:src/middleware/userMiddlewares.ts
FN:4,loggingBefore
FN:11,loggingAfter
FNF:2
FNH:1
FNDA:1,loggingBefore
FNDA:0,loggingAfter
DA:1,1
DA:2,1
DA:4,1
DA:5,1
DA:6,1
DA:7,1
DA:8,1
DA:11,1
DA:12,0
DA:13,0
DA:14,0
LF:11
LH:8
BRDA:8,0,0,0
BRDA:8,0,1,1
BRDA:8,1,0,1
BRDA:8,1,1,1
BRDA:14,2,0,0
BRDA:14,2,1,0
BRDA:14,3,0,0
BRDA:14,3,1,0
BRF:8
BRH:3
end_of_record
TN:
SF:src/model/UserModel.ts
FNF:0
FNH:0
DA:1,1
DA:3,1
DA:5,1
DA:8,1
LF:4
LH:4
BRF:0
BRH:0
end_of_record
